TN:
SF:/home/frank/Documents/andela/bootcamp/Epic_Mail/server/app.js
FN:25,(anonymous_1)
FN:39,(anonymous_2)
FN:44,(anonymous_3)
FN:54,(anonymous_4)
FN:62,(anonymous_5)
FNF:5
FNH:3
FNDA:9,(anonymous_1)
FNDA:2,(anonymous_2)
FNDA:0,(anonymous_3)
FNDA:0,(anonymous_4)
FNDA:1,(anonymous_5)
DA:1,1
DA:2,1
DA:3,1
DA:4,1
DA:5,1
DA:6,1
DA:7,1
DA:8,1
DA:9,1
DA:11,1
DA:13,1
DA:14,1
DA:16,1
DA:25,1
DA:26,9
DA:27,9
DA:28,9
DA:31,1
DA:32,1
DA:33,1
DA:34,1
DA:36,1
DA:37,1
DA:39,1
DA:40,2
DA:41,2
DA:44,1
DA:45,0
DA:46,0
DA:47,0
DA:49,0
DA:54,1
DA:55,0
DA:56,0
DA:62,1
DA:63,1
DA:66,1
LF:37
LH:31
BRDA:45,0,0,0
BRDA:45,0,1,0
BRF:2
BRH:0
end_of_record
TN:
SF:/home/frank/Documents/andela/bootcamp/Epic_Mail/server/controller/MessageController.js
FNF:0
FNH:0
DA:1,1
DA:5,1
DA:6,1
DA:7,1
DA:10,1
DA:11,0
DA:13,1
DA:15,1
DA:19,1
DA:23,0
DA:27,1
DA:28,1
DA:32,0
DA:33,0
DA:37,1
DA:38,1
DA:40,1
DA:41,1
DA:45,2
DA:46,2
DA:48,2
DA:49,2
DA:53,1
DA:54,1
LF:24
LH:20
BRDA:10,0,0,0
BRDA:10,0,1,1
BRF:2
BRH:1
end_of_record
TN:
SF:/home/frank/Documents/andela/bootcamp/Epic_Mail/server/controller/UserController.js
FNF:0
FNH:0
DA:1,1
DA:5,1
DA:6,1
DA:10,0
DA:14,2
DA:15,2
DA:17,2
DA:18,1
DA:19,1
DA:21,1
LF:10
LH:9
BRDA:17,0,0,1
BRDA:17,0,1,1
BRF:2
BRH:2
end_of_record
TN:
SF:/home/frank/Documents/andela/bootcamp/Epic_Mail/server/dummyData/Database.js
FNF:0
FNH:0
DA:1,1
LF:1
LH:1
BRF:0
BRH:0
end_of_record
TN:
SF:/home/frank/Documents/andela/bootcamp/Epic_Mail/server/helpers/Helpers.js
FN:8,(anonymous_13)
FN:18,(anonymous_15)
FNF:2
FNH:2
FNDA:2,(anonymous_13)
FNDA:2,(anonymous_15)
DA:1,1
DA:2,1
DA:3,1
DA:7,1
DA:8,1
DA:9,2
DA:10,0
DA:13,1
DA:17,1
DA:18,1
DA:19,2
DA:22,1
DA:26,2
DA:27,2
LF:14
LH:13
BRDA:9,0,0,0
BRDA:9,0,1,2
BRF:2
BRH:1
end_of_record
TN:
SF:/home/frank/Documents/andela/bootcamp/Epic_Mail/server/middleware/Auth.js
FNF:0
FNH:0
DA:1,1
DA:4,1
DA:7,1
DA:8,1
DA:17,1
DA:19,1
DA:20,0
DA:22,0
DA:25,0
DA:27,0
DA:30,0
DA:32,0
DA:38,0
DA:40,0
DA:45,1
DA:50,1
DA:52,1
DA:54,1
DA:55,0
DA:59,1
LF:20
LH:11
BRDA:19,0,0,0
BRDA:19,0,1,1
BRDA:21,1,0,0
BRDA:21,1,1,0
BRDA:21,1,2,0
BRDA:21,1,3,0
BRDA:54,2,0,0
BRDA:54,2,1,1
BRF:8
BRH:2
end_of_record
TN:
SF:/home/frank/Documents/andela/bootcamp/Epic_Mail/server/model/draft.js
FN:2,Drafts
FNF:1
FNH:1
FNDA:1,Drafts
DA:2,1
DA:3,1
DA:4,1
DA:5,1
DA:6,1
DA:7,1
LF:6
LH:6
BRF:0
BRH:0
end_of_record
TN:
SF:/home/frank/Documents/andela/bootcamp/Epic_Mail/server/model/inbox.js
FN:2,Inboxs
FNF:1
FNH:0
FNDA:0,Inboxs
DA:2,1
DA:3,0
DA:4,0
DA:5,0
DA:6,0
DA:7,0
DA:8,0
LF:7
LH:1
BRF:0
BRH:0
end_of_record
TN:
SF:/home/frank/Documents/andela/bootcamp/Epic_Mail/server/model/message.js
FN:2,Emails
FNF:1
FNH:1
FNDA:1,Emails
DA:2,1
DA:3,1
DA:4,1
DA:5,1
DA:6,1
DA:7,1
DA:8,1
LF:7
LH:7
BRF:0
BRH:0
end_of_record
TN:
SF:/home/frank/Documents/andela/bootcamp/Epic_Mail/server/model/sent.js
FN:2,Sents
FNF:1
FNH:0
FNDA:0,Sents
DA:2,1
DA:3,0
DA:4,0
DA:5,0
DA:6,0
DA:7,0
LF:6
LH:1
BRF:0
BRH:0
end_of_record
TN:
SF:/home/frank/Documents/andela/bootcamp/Epic_Mail/server/model/user.js
FN:2,Users
FNF:1
FNH:1
FNDA:1,Users
DA:2,1
DA:3,1
DA:4,1
DA:5,1
DA:6,1
DA:7,1
DA:8,1
DA:9,1
LF:8
LH:8
BRF:0
BRH:0
end_of_record
TN:
SF:/home/frank/Documents/andela/bootcamp/Epic_Mail/server/routes/api.js
FNF:0
FNH:0
DA:1,1
DA:2,1
DA:4,1
LF:3
LH:3
BRF:0
BRH:0
end_of_record
TN:
SF:/home/frank/Documents/andela/bootcamp/Epic_Mail/server/routes/message.js
FNF:0
FNH:0
DA:1,1
DA:2,1
DA:3,1
DA:5,1
DA:7,1
DA:9,1
DA:11,1
DA:13,1
DA:15,1
DA:17,1
DA:25,1
LF:11
LH:11
BRF:0
BRH:0
end_of_record
TN:
SF:/home/frank/Documents/andela/bootcamp/Epic_Mail/server/routes/user.js
FNF:0
FNH:0
DA:1,1
DA:2,1
DA:3,1
DA:5,1
DA:7,1
DA:8,1
DA:18,1
LF:7
LH:7
BRF:0
BRH:0
end_of_record
TN:
SF:/home/frank/Documents/andela/bootcamp/Epic_Mail/server/services/MessageServices.js
FN:25,(anonymous_8)
FN:26,(anonymous_9)
FN:41,(anonymous_11)
FN:47,(anonymous_13)
FN:57,(anonymous_15)
FN:67,(anonymous_17)
FN:83,(anonymous_19)
FN:89,(anonymous_20)
FN:148,(anonymous_24)
FNF:9
FNH:7
FNDA:2,(anonymous_8)
FNDA:4,(anonymous_9)
FNDA:2,(anonymous_11)
FNDA:2,(anonymous_13)
FNDA:0,(anonymous_15)
FNDA:2,(anonymous_17)
FNDA:4,(anonymous_19)
FNDA:0,(anonymous_20)
FNDA:2,(anonymous_24)
DA:1,1
DA:4,1
DA:5,1
DA:6,1
DA:7,1
DA:10,1
DA:11,1
DA:12,1
DA:13,1
DA:14,1
DA:15,1
DA:17,1
DA:19,1
DA:23,2
DA:25,2
DA:26,4
DA:27,2
DA:30,2
DA:32,2
DA:37,2
DA:41,2
DA:42,1
DA:43,1
DA:47,2
DA:48,1
DA:49,1
DA:56,0
DA:57,0
DA:59,0
DA:65,1
DA:66,1
DA:67,2
DA:70,1
DA:71,0
DA:72,0
DA:74,1
DA:76,1
DA:82,2
DA:83,4
DA:86,2
DA:88,2
DA:89,0
DA:91,0
DA:94,0
DA:96,0
DA:108,2
DA:111,2
DA:118,1
DA:120,1
DA:127,1
DA:129,1
DA:130,1
DA:132,1
DA:133,1
DA:134,1
DA:135,1
DA:136,1
DA:138,1
DA:140,1
DA:148,2
DA:149,1
DA:150,1
DA:152,0
DA:156,0
DA:158,0
DA:159,0
DA:161,0
DA:162,0
DA:163,0
DA:164,0
DA:165,0
DA:167,0
DA:169,0
DA:170,0
DA:171,0
DA:172,0
DA:173,0
DA:175,0
DA:177,0
LF:79
LH:53
BRDA:67,0,0,2
BRDA:67,0,1,1
BRDA:70,1,0,0
BRDA:70,1,1,1
BRDA:83,2,0,4
BRDA:83,2,1,2
BRDA:88,3,0,0
BRDA:88,3,1,2
BRDA:149,4,0,1
BRDA:149,4,1,0
BRF:10
BRH:7
end_of_record
TN:
SF:/home/frank/Documents/andela/bootcamp/Epic_Mail/server/services/UserServices.js
FN:23,(anonymous_12)
FNF:1
FNH:1
FNDA:6,(anonymous_12)
DA:1,1
DA:2,1
DA:3,1
DA:8,1
DA:9,1
DA:10,1
DA:11,1
DA:12,1
DA:13,1
DA:14,1
DA:16,1
DA:18,1
DA:22,2
DA:23,6
DA:25,2
DA:26,1
DA:32,1
DA:33,0
DA:38,1
DA:42,2
DA:43,2
DA:44,2
DA:52,2
DA:56,0
LF:24
LH:22
BRDA:25,0,0,1
BRDA:25,0,1,1
BRDA:32,1,0,0
BRDA:32,1,1,1
BRF:4
BRH:3
end_of_record
