TN:
SF:/home/frank/Documents/andela/bootcamp/Epic_Mail/server/app.js
FN:27,(anonymous_1)
FN:41,(anonymous_2)
FN:51,(anonymous_3)
FN:56,(anonymous_4)
FN:65,create
FN:76,(anonymous_6)
FNF:6
FNH:4
FNDA:7,(anonymous_1)
FNDA:7,(anonymous_2)
FNDA:2,(anonymous_3)
FNDA:0,(anonymous_4)
FNDA:1,create
FNDA:0,(anonymous_6)
DA:2,1
DA:3,1
DA:4,1
DA:5,1
DA:6,1
DA:7,1
DA:8,1
DA:9,1
DA:10,1
DA:11,1
DA:13,1
DA:15,1
DA:16,1
DA:18,1
DA:27,1
DA:28,7
DA:29,7
DA:30,7
DA:33,1
DA:34,1
DA:35,1
DA:36,1
DA:38,1
DA:39,1
DA:41,1
DA:42,7
DA:43,7
DA:44,7
DA:46,0
DA:51,1
DA:52,2
DA:53,2
DA:56,1
DA:57,0
DA:58,0
DA:63,1
DA:65,1
DA:66,1
DA:67,0
DA:69,0
DA:73,1
DA:75,1
DA:76,0
DA:77,0
DA:81,1
LF:45
LH:38
BRDA:42,0,0,7
BRDA:42,0,1,0
BRDA:66,1,0,0
BRDA:66,1,1,1
BRDA:75,2,0,0
BRDA:75,2,1,1
BRF:6
BRH:3
end_of_record
TN:
SF:/home/frank/Documents/andela/bootcamp/Epic_Mail/server/controller/MessageController.js
FNF:0
FNH:0
DA:1,1
DA:15,0
DA:27,0
DA:28,0
DA:32,0
DA:33,0
DA:37,0
DA:38,0
DA:40,0
DA:41,0
DA:45,0
DA:46,0
DA:48,0
DA:49,0
DA:53,0
DA:54,0
LF:16
LH:1
BRF:0
BRH:0
end_of_record
TN:
SF:/home/frank/Documents/andela/bootcamp/Epic_Mail/server/controller/UserController.js
FNF:0
FNH:0
DA:1,1
DA:14,1
DA:17,0
LF:3
LH:2
BRF:0
BRH:0
end_of_record
TN:
SF:/home/frank/Documents/andela/bootcamp/Epic_Mail/server/db/index.js
FN:14,query
FN:14,(anonymous_1)
FN:16,(anonymous_2)
FN:19,(anonymous_3)
FNF:4
FNH:3
FNDA:3,query
FNDA:3,(anonymous_1)
FNDA:2,(anonymous_2)
FNDA:0,(anonymous_3)
DA:1,3
DA:12,3
DA:14,6
DA:15,3
DA:17,2
DA:20,0
DA:24,3
LF:7
LH:6
BRF:0
BRH:0
end_of_record
TN:
SF:/home/frank/Documents/andela/bootcamp/Epic_Mail/server/dummyData/Database.js
FNF:0
FNH:0
DA:1,1
LF:1
LH:1
BRF:0
BRH:0
end_of_record
TN:
SF:/home/frank/Documents/andela/bootcamp/Epic_Mail/server/helpers/Helpers.js
FN:12,(anonymous_14)
FN:22,(anonymous_16)
FNF:2
FNH:0
FNDA:0,(anonymous_14)
FNDA:0,(anonymous_16)
DA:1,1
DA:2,1
DA:3,1
DA:7,1
DA:11,0
DA:12,0
DA:13,0
DA:14,0
DA:17,0
DA:21,0
DA:22,0
DA:23,0
DA:26,0
DA:30,1
DA:31,1
LF:15
LH:6
BRDA:13,0,0,0
BRDA:13,0,1,0
BRF:2
BRH:0
end_of_record
TN:
SF:/home/frank/Documents/andela/bootcamp/Epic_Mail/server/middleware/Auth.js
FNF:0
FNH:0
DA:1,1
DA:2,1
DA:3,1
DA:5,1
DA:8,5
DA:9,5
DA:16,5
DA:18,5
DA:19,4
DA:21,1
DA:25,1
DA:27,2
DA:31,2
DA:33,1
DA:37,1
DA:39,0
DA:45,1
DA:67,0
DA:68,0
DA:79,0
DA:81,0
DA:83,0
DA:84,0
DA:88,0
LF:24
LH:16
BRDA:18,0,0,4
BRDA:18,0,1,1
BRDA:20,1,0,1
BRDA:20,1,1,2
BRDA:20,1,2,1
BRDA:20,1,3,0
BRDA:83,2,0,0
BRDA:83,2,1,0
BRF:8
BRH:5
end_of_record
TN:
SF:/home/frank/Documents/andela/bootcamp/Epic_Mail/server/model/contact.js
FN:36,(anonymous_14)
FN:41,(anonymous_15)
FN:55,(anonymous_20)
FN:60,(anonymous_21)
FNF:4
FNH:2
FNDA:1,(anonymous_14)
FNDA:0,(anonymous_15)
FNDA:1,(anonymous_20)
FNDA:0,(anonymous_21)
DA:2,3
DA:13,3
DA:15,3
LF:3
LH:3
BRF:0
BRH:0
end_of_record
TN:
SF:/home/frank/Documents/andela/bootcamp/Epic_Mail/server/model/draft.js
FN:74,(anonymous_19)
FN:79,(anonymous_20)
FN:93,(anonymous_25)
FN:98,(anonymous_26)
FNF:4
FNH:2
FNDA:1,(anonymous_19)
FNDA:0,(anonymous_20)
FNDA:1,(anonymous_25)
FNDA:0,(anonymous_26)
DA:2,3
DA:3,3
DA:4,3
DA:15,3
DA:17,3
LF:5
LH:5
BRF:0
BRH:0
end_of_record
TN:
SF:/home/frank/Documents/andela/bootcamp/Epic_Mail/server/model/email.js
FN:63,(anonymous_23)
FN:66,(anonymous_24)
FN:80,(anonymous_29)
FN:85,(anonymous_30)
FNF:4
FNH:2
FNDA:1,(anonymous_23)
FNDA:0,(anonymous_24)
FNDA:1,(anonymous_29)
FNDA:0,(anonymous_30)
DA:2,3
DA:3,3
DA:4,3
DA:15,3
DA:17,3
DA:64,1
LF:6
LH:6
BRF:0
BRH:0
end_of_record
TN:
SF:/home/frank/Documents/andela/bootcamp/Epic_Mail/server/model/group.js
FN:33,(anonymous_14)
FN:38,(anonymous_15)
FN:52,(anonymous_20)
FN:57,(anonymous_21)
FNF:4
FNH:2
FNDA:1,(anonymous_14)
FNDA:0,(anonymous_15)
FNDA:1,(anonymous_20)
FNDA:0,(anonymous_21)
DA:2,3
DA:13,3
DA:15,3
LF:3
LH:3
BRF:0
BRH:0
end_of_record
TN:
SF:/home/frank/Documents/andela/bootcamp/Epic_Mail/server/model/groupMemebers.js
FN:34,(anonymous_14)
FN:39,(anonymous_15)
FN:53,(anonymous_20)
FN:58,(anonymous_21)
FNF:4
FNH:2
FNDA:1,(anonymous_14)
FNDA:0,(anonymous_15)
FNDA:1,(anonymous_20)
FNDA:0,(anonymous_21)
DA:2,3
DA:13,3
DA:15,3
LF:3
LH:3
BRF:0
BRH:0
end_of_record
TN:
SF:/home/frank/Documents/andela/bootcamp/Epic_Mail/server/model/inbox.js
FN:75,(anonymous_19)
FN:80,(anonymous_20)
FN:94,(anonymous_25)
FN:99,(anonymous_26)
FNF:4
FNH:2
FNDA:1,(anonymous_19)
FNDA:0,(anonymous_20)
FNDA:1,(anonymous_25)
FNDA:0,(anonymous_26)
DA:2,3
DA:3,3
DA:4,3
DA:15,3
DA:17,3
LF:5
LH:5
BRF:0
BRH:0
end_of_record
TN:
SF:/home/frank/Documents/andela/bootcamp/Epic_Mail/server/model/index.js
FN:34,(anonymous_6)
FN:34,_callee2
FN:34,dropAllTables
FNF:3
FNH:3
FNDA:3,(anonymous_6)
FNDA:10,_callee2
FNDA:1,dropAllTables
DA:2,3
DA:3,3
DA:4,3
DA:5,3
DA:6,3
DA:7,3
DA:8,3
DA:9,3
DA:34,35
DA:52,1
DA:59,3
LF:11
LH:11
BRDA:34,0,0,1
BRDA:34,0,1,1
BRDA:34,0,2,1
BRDA:34,0,3,1
BRDA:34,0,4,1
BRDA:34,0,5,1
BRDA:34,0,6,1
BRDA:34,0,7,1
BRDA:34,0,8,1
BRDA:34,0,9,0
BRDA:34,0,10,0
BRF:11
BRH:9
end_of_record
TN:
SF:/home/frank/Documents/andela/bootcamp/Epic_Mail/server/model/sent.js
FN:75,(anonymous_19)
FN:80,(anonymous_20)
FN:94,(anonymous_25)
FN:99,(anonymous_26)
FNF:4
FNH:2
FNDA:1,(anonymous_19)
FNDA:0,(anonymous_20)
FNDA:1,(anonymous_25)
FNDA:0,(anonymous_26)
DA:2,3
DA:3,3
DA:4,3
DA:15,3
DA:17,3
LF:5
LH:5
BRF:0
BRH:0
end_of_record
TN:
SF:/home/frank/Documents/andela/bootcamp/Epic_Mail/server/model/user.js
FN:35,(anonymous_14)
FN:40,(anonymous_15)
FN:54,(anonymous_20)
FN:59,(anonymous_21)
FNF:4
FNH:2
FNDA:1,(anonymous_14)
FNDA:0,(anonymous_15)
FNDA:1,(anonymous_20)
FNDA:0,(anonymous_21)
DA:2,3
DA:3,3
DA:13,3
DA:15,3
LF:4
LH:4
BRF:0
BRH:0
end_of_record
TN:
SF:/home/frank/Documents/andela/bootcamp/Epic_Mail/server/routes/api.js
FNF:0
FNH:0
DA:1,1
DA:2,1
DA:4,1
LF:3
LH:3
BRF:0
BRH:0
end_of_record
TN:
SF:/home/frank/Documents/andela/bootcamp/Epic_Mail/server/routes/message.js
FNF:0
FNH:0
DA:1,1
DA:2,1
DA:3,1
DA:5,1
DA:7,1
DA:9,1
DA:11,1
DA:13,1
DA:15,1
DA:17,1
DA:20,1
LF:11
LH:11
BRF:0
BRH:0
end_of_record
TN:
SF:/home/frank/Documents/andela/bootcamp/Epic_Mail/server/routes/user.js
FNF:0
FNH:0
DA:1,1
DA:2,1
DA:3,1
DA:5,1
DA:7,1
DA:8,1
DA:10,1
LF:7
LH:7
BRF:0
BRH:0
end_of_record
TN:
SF:/home/frank/Documents/andela/bootcamp/Epic_Mail/server/services/MessageServices.js
FN:117,(anonymous_20)
FN:118,(anonymous_21)
FN:133,(anonymous_23)
FN:139,(anonymous_25)
FN:149,(anonymous_27)
FN:159,(anonymous_29)
FN:175,(anonymous_31)
FN:181,(anonymous_32)
FNF:8
FNH:0
FNDA:0,(anonymous_20)
FNDA:0,(anonymous_21)
FNDA:0,(anonymous_23)
FNDA:0,(anonymous_25)
FNDA:0,(anonymous_27)
FNDA:0,(anonymous_29)
FNDA:0,(anonymous_31)
FNDA:0,(anonymous_32)
DA:1,1
DA:4,1
DA:5,1
DA:6,1
DA:7,1
DA:16,0
DA:17,0
DA:27,0
DA:76,0
DA:115,0
DA:117,0
DA:118,0
DA:119,0
DA:122,0
DA:124,0
DA:129,0
DA:133,0
DA:134,0
DA:135,0
DA:139,0
DA:140,0
DA:141,0
DA:148,0
DA:149,0
DA:151,0
DA:157,0
DA:158,0
DA:159,0
DA:162,0
DA:163,0
DA:164,0
DA:166,0
DA:168,0
DA:174,0
DA:175,0
DA:178,0
DA:180,0
DA:181,0
DA:183,0
DA:186,0
DA:188,0
DA:200,0
DA:203,0
DA:210,0
DA:212,0
LF:45
LH:5
BRDA:16,0,0,0
BRDA:16,0,1,0
BRDA:159,1,0,0
BRDA:159,1,1,0
BRDA:162,2,0,0
BRDA:162,2,1,0
BRDA:175,3,0,0
BRDA:175,3,1,0
BRDA:180,4,0,0
BRDA:180,4,1,0
BRF:10
BRH:0
end_of_record
TN:
SF:/home/frank/Documents/andela/bootcamp/Epic_Mail/server/services/UserServices.js
FNF:0
FNH:0
DA:1,1
DA:2,1
DA:3,1
DA:59,0
DA:64,1
DA:72,1
LF:6
LH:5
BRF:0
BRH:0
end_of_record
